[2025-09-24T05:33:10.773+0000] {manager.py:470} INFO - Processing files using up to 2 processes at a time 
[2025-09-24T05:33:10.775+0000] {manager.py:471} INFO - Process each file at most once every 30 seconds
[2025-09-24T05:33:10.778+0000] {manager.py:472} INFO - Checking for new files in /opt/airflow/dags every 300 seconds
[2025-09-24T05:33:10.782+0000] {manager.py:737} INFO - Searching for files in /opt/airflow/dags
[2025-09-24T05:33:10.793+0000] {manager.py:740} INFO - There are 0 files in /opt/airflow/dags
[2025-09-24T05:38:11.059+0000] {manager.py:737} INFO - Searching for files in /opt/airflow/dags
[2025-09-24T05:38:11.075+0000] {manager.py:740} INFO - There are 0 files in /opt/airflow/dags
[2025-09-24T05:42:26.260+0000] {manager.py:470} INFO - Processing files using up to 2 processes at a time 
[2025-09-24T05:42:26.262+0000] {manager.py:471} INFO - Process each file at most once every 30 seconds
[2025-09-24T05:42:26.264+0000] {manager.py:472} INFO - Checking for new files in /opt/airflow/dags every 300 seconds
[2025-09-24T05:42:26.266+0000] {manager.py:737} INFO - Searching for files in /opt/airflow/dags
[2025-09-24T05:42:26.277+0000] {manager.py:740} INFO - There are 0 files in /opt/airflow/dags
[2025-09-24T05:47:26.573+0000] {manager.py:737} INFO - Searching for files in /opt/airflow/dags
[2025-09-24T05:47:26.580+0000] {manager.py:740} INFO - There are 0 files in /opt/airflow/dags
[2025-09-24T05:52:26.830+0000] {manager.py:737} INFO - Searching for files in /opt/airflow/dags
[2025-09-24T05:52:26.842+0000] {manager.py:740} INFO - There are 0 files in /opt/airflow/dags
[2025-09-24T05:57:27.104+0000] {manager.py:737} INFO - Searching for files in /opt/airflow/dags
[2025-09-24T05:57:27.113+0000] {manager.py:740} INFO - There are 0 files in /opt/airflow/dags
[2025-09-24T06:02:27.818+0000] {manager.py:737} INFO - Searching for files in /opt/airflow/dags
[2025-09-24T06:02:27.970+0000] {manager.py:740} INFO - There are 1 files in /opt/airflow/dags
[2025-09-24T06:02:31.745+0000] {manager.py:878} INFO - 
================================================================================
DAG File Processing Stats

File Path                              PID    Runtime      # DAGs    # Errors  Last Runtime    Last Run
-------------------------------------  -----  ---------  --------  ----------  --------------  -------------------
/opt/airflow/dags/load_crypto_demo.py                           1           0  2.20s           2025-09-24T06:02:30
================================================================================
[2025-09-24T06:03:01.937+0000] {manager.py:878} INFO - 
================================================================================
DAG File Processing Stats

File Path                              PID    Runtime      # DAGs    # Errors  Last Runtime    Last Run
-------------------------------------  -----  ---------  --------  ----------  --------------  -------------------
/opt/airflow/dags/load_crypto_demo.py                           1           0  0.26s           2025-09-24T06:03:01
================================================================================
[2025-09-24T06:03:32.493+0000] {manager.py:878} INFO - 
================================================================================
DAG File Processing Stats

File Path                              PID    Runtime      # DAGs    # Errors  Last Runtime    Last Run
-------------------------------------  -----  ---------  --------  ----------  --------------  -------------------
/opt/airflow/dags/load_crypto_demo.py                           1           0  0.35s           2025-09-24T06:03:31
================================================================================
[2025-09-24T06:04:03.012+0000] {manager.py:878} INFO - 
================================================================================
DAG File Processing Stats

File Path                              PID    Runtime      # DAGs    # Errors  Last Runtime    Last Run
-------------------------------------  -----  ---------  --------  ----------  --------------  -------------------
/opt/airflow/dags/load_crypto_demo.py                           1           0  0.32s           2025-09-24T06:04:02
================================================================================
[2025-09-24T06:04:33.613+0000] {manager.py:878} INFO - 
================================================================================
DAG File Processing Stats

File Path                              PID    Runtime      # DAGs    # Errors  Last Runtime    Last Run
-------------------------------------  -----  ---------  --------  ----------  --------------  -------------------
/opt/airflow/dags/load_crypto_demo.py                           1           0  0.42s           2025-09-24T06:04:32
================================================================================
[2025-09-24T06:05:04.278+0000] {manager.py:878} INFO - 
================================================================================
DAG File Processing Stats

File Path                              PID    Runtime      # DAGs    # Errors  Last Runtime    Last Run
-------------------------------------  -----  ---------  --------  ----------  --------------  -------------------
/opt/airflow/dags/load_crypto_demo.py                           1           0  0.43s           2025-09-24T06:05:03
================================================================================
[2025-09-24T06:05:34.901+0000] {manager.py:878} INFO - 
================================================================================
DAG File Processing Stats

File Path                              PID    Runtime      # DAGs    # Errors  Last Runtime    Last Run
-------------------------------------  -----  ---------  --------  ----------  --------------  -------------------
/opt/airflow/dags/load_crypto_demo.py                           1           0  0.35s           2025-09-24T06:05:34
================================================================================
[2025-09-24T06:06:05.514+0000] {manager.py:878} INFO - 
================================================================================
DAG File Processing Stats

File Path                              PID    Runtime      # DAGs    # Errors  Last Runtime    Last Run
-------------------------------------  -----  ---------  --------  ----------  --------------  -------------------
/opt/airflow/dags/load_crypto_demo.py                           1           0  0.29s           2025-09-24T06:06:04
================================================================================
[2025-09-24T06:06:35.945+0000] {manager.py:878} INFO - 
================================================================================
DAG File Processing Stats

File Path                              PID    Runtime      # DAGs    # Errors  Last Runtime    Last Run
-------------------------------------  -----  ---------  --------  ----------  --------------  -------------------
/opt/airflow/dags/load_crypto_demo.py                           1           0  0.34s           2025-09-24T06:06:35
================================================================================
[2025-09-24T06:07:06.660+0000] {manager.py:878} INFO - 
================================================================================
DAG File Processing Stats

File Path                              PID    Runtime      # DAGs    # Errors  Last Runtime    Last Run
-------------------------------------  -----  ---------  --------  ----------  --------------  -------------------
/opt/airflow/dags/load_crypto_demo.py                           1           0  0.38s           2025-09-24T06:07:05
================================================================================
[2025-09-24T06:07:27.882+0000] {manager.py:737} INFO - Searching for files in /opt/airflow/dags
[2025-09-24T06:07:28.014+0000] {manager.py:740} INFO - There are 1 files in /opt/airflow/dags
[2025-09-24T06:07:37.213+0000] {manager.py:878} INFO - 
================================================================================
DAG File Processing Stats

File Path                              PID    Runtime      # DAGs    # Errors  Last Runtime    Last Run
-------------------------------------  -----  ---------  --------  ----------  --------------  -------------------
/opt/airflow/dags/load_crypto_demo.py                           1           0  0.18s           2025-09-24T06:07:36
================================================================================
[2025-09-24T06:08:07.717+0000] {manager.py:878} INFO - 
================================================================================
DAG File Processing Stats

File Path                              PID    Runtime      # DAGs    # Errors  Last Runtime    Last Run
-------------------------------------  -----  ---------  --------  ----------  --------------  -------------------
/opt/airflow/dags/load_crypto_demo.py                           1           0  0.35s           2025-09-24T06:08:06
================================================================================
[2025-09-24T06:08:29.652+0000] {manager.py:470} INFO - Processing files using up to 2 processes at a time 
[2025-09-24T06:08:29.654+0000] {manager.py:471} INFO - Process each file at most once every 30 seconds
[2025-09-24T06:08:29.655+0000] {manager.py:472} INFO - Checking for new files in /opt/airflow/dags every 300 seconds
[2025-09-24T06:08:29.658+0000] {manager.py:737} INFO - Searching for files in /opt/airflow/dags
[2025-09-24T06:08:29.693+0000] {manager.py:740} INFO - There are 1 files in /opt/airflow/dags
[2025-09-24T06:08:29.901+0000] {manager.py:878} INFO - 
================================================================================
DAG File Processing Stats

File Path                                PID  Runtime      # DAGs    # Errors  Last Runtime    Last Run
-------------------------------------  -----  ---------  --------  ----------  --------------  ----------
/opt/airflow/dags/load_crypto_demo.py    239  0.10s             0           0
================================================================================
[2025-09-24T06:09:00.313+0000] {manager.py:878} INFO - 
================================================================================
DAG File Processing Stats

File Path                                PID  Runtime      # DAGs    # Errors  Last Runtime    Last Run
-------------------------------------  -----  ---------  --------  ----------  --------------  -------------------
/opt/airflow/dags/load_crypto_demo.py    281  0.00s             1           0  0.25s           2025-09-24T06:08:30
================================================================================
[2025-09-24T06:09:30.762+0000] {manager.py:878} INFO - 
================================================================================
DAG File Processing Stats

File Path                              PID    Runtime      # DAGs    # Errors  Last Runtime    Last Run
-------------------------------------  -----  ---------  --------  ----------  --------------  -------------------
/opt/airflow/dags/load_crypto_demo.py                           1           0  1.17s           2025-09-24T06:09:01
================================================================================
[2025-09-24T06:10:01.219+0000] {manager.py:878} INFO - 
================================================================================
DAG File Processing Stats

File Path                              PID    Runtime      # DAGs    # Errors  Last Runtime    Last Run
-------------------------------------  -----  ---------  --------  ----------  --------------  -------------------
/opt/airflow/dags/load_crypto_demo.py                           1           0  0.39s           2025-09-24T06:09:32
================================================================================
[2025-09-24T06:10:38.321+0000] {manager.py:470} INFO - Processing files using up to 2 processes at a time 
[2025-09-24T06:10:38.326+0000] {manager.py:471} INFO - Process each file at most once every 30 seconds
[2025-09-24T06:10:38.332+0000] {manager.py:472} INFO - Checking for new files in /opt/airflow/dags every 300 seconds
[2025-09-24T06:10:38.337+0000] {manager.py:737} INFO - Searching for files in /opt/airflow/dags
[2025-09-24T06:10:38.515+0000] {manager.py:740} INFO - There are 1 files in /opt/airflow/dags
[2025-09-24T06:10:38.679+0000] {manager.py:878} INFO - 
================================================================================
DAG File Processing Stats

File Path                                PID  Runtime      # DAGs    # Errors  Last Runtime    Last Run
-------------------------------------  -----  ---------  --------  ----------  --------------  ----------
/opt/airflow/dags/load_crypto_demo.py    220  0.05s             0           0
================================================================================
[2025-09-24T06:11:09.092+0000] {manager.py:878} INFO - 
================================================================================
DAG File Processing Stats

File Path                                PID  Runtime      # DAGs    # Errors  Last Runtime    Last Run
-------------------------------------  -----  ---------  --------  ----------  --------------  -------------------
/opt/airflow/dags/load_crypto_demo.py    254  0.01s             1           0  0.30s           2025-09-24T06:10:38
================================================================================
[2025-09-24T06:11:39.640+0000] {manager.py:878} INFO - 
================================================================================
DAG File Processing Stats

File Path                              PID    Runtime      # DAGs    # Errors  Last Runtime    Last Run
-------------------------------------  -----  ---------  --------  ----------  --------------  -------------------
/opt/airflow/dags/load_crypto_demo.py                           1           0  0.61s           2025-09-24T06:11:09
================================================================================
[2025-09-24T06:12:09.804+0000] {manager.py:878} INFO - 
================================================================================
DAG File Processing Stats

File Path                              PID    Runtime      # DAGs    # Errors  Last Runtime    Last Run
-------------------------------------  -----  ---------  --------  ----------  --------------  -------------------
/opt/airflow/dags/load_crypto_demo.py                           1           0  0.36s           2025-09-24T06:11:40
================================================================================
[2025-09-24T06:12:40.203+0000] {manager.py:878} INFO - 
================================================================================
DAG File Processing Stats

File Path                              PID    Runtime      # DAGs    # Errors  Last Runtime    Last Run
-------------------------------------  -----  ---------  --------  ----------  --------------  -------------------
/opt/airflow/dags/load_crypto_demo.py                           1           0  0.33s           2025-09-24T06:12:10
================================================================================
[2025-09-24T06:13:10.672+0000] {manager.py:878} INFO - 
================================================================================
DAG File Processing Stats

File Path                              PID    Runtime      # DAGs    # Errors  Last Runtime    Last Run
-------------------------------------  -----  ---------  --------  ----------  --------------  -------------------
/opt/airflow/dags/load_crypto_demo.py                           1           0  0.36s           2025-09-24T06:12:41
================================================================================
[2025-09-24T06:13:41.381+0000] {manager.py:878} INFO - 
================================================================================
DAG File Processing Stats

File Path                              PID    Runtime      # DAGs    # Errors  Last Runtime    Last Run
-------------------------------------  -----  ---------  --------  ----------  --------------  -------------------
/opt/airflow/dags/load_crypto_demo.py                           1           0  0.43s           2025-09-24T06:13:12
================================================================================
[2025-09-24T06:14:11.458+0000] {manager.py:878} INFO - 
================================================================================
DAG File Processing Stats

File Path                              PID    Runtime      # DAGs    # Errors  Last Runtime    Last Run
-------------------------------------  -----  ---------  --------  ----------  --------------  -------------------
/opt/airflow/dags/load_crypto_demo.py                           1           0  0.64s           2025-09-24T06:13:43
================================================================================
[2025-09-24T06:14:42.208+0000] {manager.py:878} INFO - 
================================================================================
DAG File Processing Stats

File Path                              PID    Runtime      # DAGs    # Errors  Last Runtime    Last Run
-------------------------------------  -----  ---------  --------  ----------  --------------  -------------------
/opt/airflow/dags/load_crypto_demo.py                           1           0  0.61s           2025-09-24T06:14:14
================================================================================
[2025-09-24T06:15:12.788+0000] {manager.py:878} INFO - 
================================================================================
DAG File Processing Stats

File Path                              PID    Runtime      # DAGs    # Errors  Last Runtime    Last Run
-------------------------------------  -----  ---------  --------  ----------  --------------  -------------------
/opt/airflow/dags/load_crypto_demo.py                           1           0  0.49s           2025-09-24T06:14:44
================================================================================
[2025-09-24T06:15:43.366+0000] {manager.py:470} INFO - Processing files using up to 2 processes at a time 
[2025-09-24T06:15:43.376+0000] {manager.py:471} INFO - Process each file at most once every 30 seconds
[2025-09-24T06:15:43.382+0000] {manager.py:472} INFO - Checking for new files in /opt/airflow/dags every 300 seconds
[2025-09-24T06:15:43.387+0000] {manager.py:737} INFO - Searching for files in /opt/airflow/dags
[2025-09-24T06:15:43.601+0000] {manager.py:740} INFO - There are 2 files in /opt/airflow/dags
[2025-09-24T06:15:43.894+0000] {manager.py:878} INFO - 
================================================================================
DAG File Processing Stats

File Path                                       PID  Runtime      # DAGs    # Errors  Last Runtime    Last Run
--------------------------------------------  -----  ---------  --------  ----------  --------------  ----------
/opt/airflow/dags/crypto_prices_coingecko.py    214  0.12s             0           0
/opt/airflow/dags/load_crypto_demo.py           217  0.05s             0           0
================================================================================
[2025-09-24T06:16:14.605+0000] {manager.py:878} INFO - 
================================================================================
DAG File Processing Stats

File Path                                       PID  Runtime      # DAGs    # Errors  Last Runtime    Last Run
--------------------------------------------  -----  ---------  --------  ----------  --------------  -------------------
/opt/airflow/dags/crypto_prices_coingecko.py    271  0.06s             0           1  0.26s           2025-09-24T06:15:44
/opt/airflow/dags/load_crypto_demo.py           274  0.00s             1           0  0.24s           2025-09-24T06:15:44
================================================================================
[2025-09-24T06:16:44.784+0000] {manager.py:878} INFO - 
================================================================================
DAG File Processing Stats

File Path                                     PID    Runtime      # DAGs    # Errors  Last Runtime    Last Run
--------------------------------------------  -----  ---------  --------  ----------  --------------  -------------------
/opt/airflow/dags/load_crypto_demo.py                                  1           0  0.60s           2025-09-24T06:16:15
/opt/airflow/dags/crypto_prices_coingecko.py                           0           1  0.26s           2025-09-24T06:16:14
================================================================================
[2025-09-24T06:17:14.965+0000] {manager.py:878} INFO - 
================================================================================
DAG File Processing Stats

File Path                                     PID    Runtime      # DAGs    # Errors  Last Runtime    Last Run
--------------------------------------------  -----  ---------  --------  ----------  --------------  -------------------
/opt/airflow/dags/load_crypto_demo.py                                  1           0  0.25s           2025-09-24T06:16:45
/opt/airflow/dags/crypto_prices_coingecko.py                           0           1  0.17s           2025-09-24T06:16:45
================================================================================
[2025-09-24T06:17:45.686+0000] {manager.py:878} INFO - 
================================================================================
DAG File Processing Stats

File Path                                     PID    Runtime      # DAGs    # Errors  Last Runtime    Last Run
--------------------------------------------  -----  ---------  --------  ----------  --------------  -------------------
/opt/airflow/dags/load_crypto_demo.py                                  1           0  0.17s           2025-09-24T06:17:16
/opt/airflow/dags/crypto_prices_coingecko.py                           0           1  0.13s           2025-09-24T06:17:16
================================================================================
[2025-09-24T06:18:16.589+0000] {manager.py:878} INFO - 
================================================================================
DAG File Processing Stats

File Path                                     PID    Runtime      # DAGs    # Errors  Last Runtime    Last Run
--------------------------------------------  -----  ---------  --------  ----------  --------------  -------------------
/opt/airflow/dags/load_crypto_demo.py                                  1           0  0.34s           2025-09-24T06:17:47
/opt/airflow/dags/crypto_prices_coingecko.py                           0           1  0.29s           2025-09-24T06:17:47
================================================================================
[2025-09-24T06:18:46.631+0000] {manager.py:878} INFO - 
================================================================================
DAG File Processing Stats

File Path                                     PID    Runtime      # DAGs    # Errors  Last Runtime    Last Run
--------------------------------------------  -----  ---------  --------  ----------  --------------  -------------------
/opt/airflow/dags/load_crypto_demo.py                                  1           0  0.46s           2025-09-24T06:18:18
/opt/airflow/dags/crypto_prices_coingecko.py                           0           1  0.29s           2025-09-24T06:18:17
================================================================================
[2025-09-24T06:19:27.133+0000] {manager.py:470} INFO - Processing files using up to 2 processes at a time 
[2025-09-24T06:19:27.136+0000] {manager.py:471} INFO - Process each file at most once every 30 seconds
[2025-09-24T06:19:27.138+0000] {manager.py:472} INFO - Checking for new files in /opt/airflow/dags every 300 seconds
[2025-09-24T06:19:27.142+0000] {manager.py:737} INFO - Searching for files in /opt/airflow/dags
[2025-09-24T06:19:27.361+0000] {manager.py:740} INFO - There are 2 files in /opt/airflow/dags
[2025-09-24T06:19:27.597+0000] {manager.py:878} INFO - 
================================================================================
DAG File Processing Stats

File Path                                       PID  Runtime      # DAGs    # Errors  Last Runtime    Last Run
--------------------------------------------  -----  ---------  --------  ----------  --------------  ----------
/opt/airflow/dags/crypto_prices_coingecko.py    214  0.09s             0           0
/opt/airflow/dags/load_crypto_demo.py           217  0.06s             0           0
================================================================================
[2025-09-24T06:19:58.139+0000] {manager.py:878} INFO - 
================================================================================
DAG File Processing Stats

File Path                                       PID  Runtime      # DAGs    # Errors  Last Runtime    Last Run
--------------------------------------------  -----  ---------  --------  ----------  --------------  -------------------
/opt/airflow/dags/crypto_prices_coingecko.py    274  0.05s             1           0  0.24s           2025-09-24T06:19:27
/opt/airflow/dags/load_crypto_demo.py           277  0.01s             1           0  0.20s           2025-09-24T06:19:27
================================================================================
[2025-09-24T06:20:28.238+0000] {manager.py:878} INFO - 
================================================================================
DAG File Processing Stats

File Path                                     PID    Runtime      # DAGs    # Errors  Last Runtime    Last Run
--------------------------------------------  -----  ---------  --------  ----------  --------------  -------------------
/opt/airflow/dags/crypto_prices_coingecko.py                           1           0  0.56s           2025-09-24T06:19:58
/opt/airflow/dags/load_crypto_demo.py                                  1           0  0.52s           2025-09-24T06:19:58
================================================================================
[2025-09-24T06:20:58.316+0000] {manager.py:878} INFO - 
================================================================================
DAG File Processing Stats

File Path                                     PID    Runtime      # DAGs    # Errors  Last Runtime    Last Run
--------------------------------------------  -----  ---------  --------  ----------  --------------  -------------------
/opt/airflow/dags/crypto_prices_coingecko.py                           1           0  0.45s           2025-09-24T06:20:29
/opt/airflow/dags/load_crypto_demo.py                                  1           0  0.42s           2025-09-24T06:20:29
================================================================================
[2025-09-24T06:21:29.268+0000] {manager.py:878} INFO - 
================================================================================
DAG File Processing Stats

File Path                                     PID    Runtime      # DAGs    # Errors  Last Runtime    Last Run
--------------------------------------------  -----  ---------  --------  ----------  --------------  -------------------
/opt/airflow/dags/crypto_prices_coingecko.py                           1           0  0.39s           2025-09-24T06:20:59
/opt/airflow/dags/load_crypto_demo.py                                  1           0  0.33s           2025-09-24T06:20:59
================================================================================
[2025-09-24T06:22:00.197+0000] {manager.py:878} INFO - 
================================================================================
DAG File Processing Stats

File Path                                     PID    Runtime      # DAGs    # Errors  Last Runtime    Last Run
--------------------------------------------  -----  ---------  --------  ----------  --------------  -------------------
/opt/airflow/dags/crypto_prices_coingecko.py                           1           0  0.30s           2025-09-24T06:21:30
/opt/airflow/dags/load_crypto_demo.py                                  1           0  0.28s           2025-09-24T06:21:30
================================================================================
[2025-09-24T06:22:30.405+0000] {manager.py:878} INFO - 
================================================================================
DAG File Processing Stats

File Path                                     PID    Runtime      # DAGs    # Errors  Last Runtime    Last Run
--------------------------------------------  -----  ---------  --------  ----------  --------------  -------------------
/opt/airflow/dags/crypto_prices_coingecko.py                           1           0  0.69s           2025-09-24T06:22:01
/opt/airflow/dags/load_crypto_demo.py                                  1           0  0.64s           2025-09-24T06:22:01
================================================================================
[2025-09-24T06:23:00.938+0000] {manager.py:878} INFO - 
================================================================================
DAG File Processing Stats

File Path                                     PID    Runtime      # DAGs    # Errors  Last Runtime    Last Run
--------------------------------------------  -----  ---------  --------  ----------  --------------  -------------------
/opt/airflow/dags/crypto_prices_coingecko.py                           1           0  0.36s           2025-09-24T06:22:32
/opt/airflow/dags/load_crypto_demo.py                                  1           0  0.31s           2025-09-24T06:22:32
================================================================================
[2025-09-24T06:23:31.017+0000] {manager.py:878} INFO - 
================================================================================
DAG File Processing Stats

File Path                                     PID    Runtime      # DAGs    # Errors  Last Runtime    Last Run
--------------------------------------------  -----  ---------  --------  ----------  --------------  -------------------
/opt/airflow/dags/crypto_prices_coingecko.py                           1           0  0.49s           2025-09-24T06:23:03
/opt/airflow/dags/load_crypto_demo.py                                  1           0  0.41s           2025-09-24T06:23:03
================================================================================
[2025-09-24T06:24:01.166+0000] {manager.py:878} INFO - 
================================================================================
DAG File Processing Stats

File Path                                     PID    Runtime      # DAGs    # Errors  Last Runtime    Last Run
--------------------------------------------  -----  ---------  --------  ----------  --------------  -------------------
/opt/airflow/dags/crypto_prices_coingecko.py                           1           0  0.84s           2025-09-24T06:23:34
/opt/airflow/dags/load_crypto_demo.py                                  1           0  0.74s           2025-09-24T06:23:34
================================================================================
[2025-09-24T06:24:27.232+0000] {manager.py:737} INFO - Searching for files in /opt/airflow/dags
[2025-09-24T06:24:27.486+0000] {manager.py:740} INFO - There are 2 files in /opt/airflow/dags
[2025-09-24T06:24:31.609+0000] {manager.py:878} INFO - 
================================================================================
DAG File Processing Stats

File Path                                     PID    Runtime      # DAGs    # Errors  Last Runtime    Last Run
--------------------------------------------  -----  ---------  --------  ----------  --------------  -------------------
/opt/airflow/dags/crypto_prices_coingecko.py                           1           0  0.39s           2025-09-24T06:24:05
/opt/airflow/dags/load_crypto_demo.py                                  1           0  0.33s           2025-09-24T06:24:05
================================================================================
[2025-09-24T06:25:01.721+0000] {manager.py:878} INFO - 
================================================================================
DAG File Processing Stats

File Path                                     PID    Runtime      # DAGs    # Errors  Last Runtime    Last Run
--------------------------------------------  -----  ---------  --------  ----------  --------------  -------------------
/opt/airflow/dags/crypto_prices_coingecko.py                           1           0  0.28s           2025-09-24T06:24:36
/opt/airflow/dags/load_crypto_demo.py                                  1           0  0.28s           2025-09-24T06:24:36
================================================================================
[2025-09-24T06:25:42.360+0000] {manager.py:470} INFO - Processing files using up to 2 processes at a time 
[2025-09-24T06:25:42.362+0000] {manager.py:471} INFO - Process each file at most once every 30 seconds
[2025-09-24T06:25:42.364+0000] {manager.py:472} INFO - Checking for new files in /opt/airflow/dags every 300 seconds
[2025-09-24T06:25:42.365+0000] {manager.py:737} INFO - Searching for files in /opt/airflow/dags
[2025-09-24T06:25:42.463+0000] {manager.py:740} INFO - There are 2 files in /opt/airflow/dags
[2025-09-24T06:25:42.665+0000] {manager.py:878} INFO - 
================================================================================
DAG File Processing Stats

File Path                                       PID  Runtime      # DAGs    # Errors  Last Runtime    Last Run
--------------------------------------------  -----  ---------  --------  ----------  --------------  ----------
/opt/airflow/dags/crypto_prices_coingecko.py    224  0.08s             0           0
/opt/airflow/dags/load_crypto_demo.py           227  0.05s             0           0
================================================================================
[2025-09-24T06:26:13.505+0000] {manager.py:878} INFO - 
================================================================================
DAG File Processing Stats

File Path                                       PID  Runtime      # DAGs    # Errors  Last Runtime    Last Run
--------------------------------------------  -----  ---------  --------  ----------  --------------  -------------------
/opt/airflow/dags/crypto_prices_coingecko.py    285  0.07s             1           0  0.25s           2025-09-24T06:25:42
/opt/airflow/dags/load_crypto_demo.py           288  0.01s             1           0  0.24s           2025-09-24T06:25:42
================================================================================
[2025-09-24T06:26:43.584+0000] {manager.py:878} INFO - 
================================================================================
DAG File Processing Stats

File Path                                     PID    Runtime      # DAGs    # Errors  Last Runtime    Last Run
--------------------------------------------  -----  ---------  --------  ----------  --------------  -------------------
/opt/airflow/dags/crypto_prices_coingecko.py                           1           0  0.69s           2025-09-24T06:26:14
/opt/airflow/dags/load_crypto_demo.py                                  1           0  0.62s           2025-09-24T06:26:14
================================================================================
[2025-09-24T06:27:14.226+0000] {manager.py:878} INFO - 
================================================================================
DAG File Processing Stats

File Path                                     PID    Runtime      # DAGs    # Errors  Last Runtime    Last Run
--------------------------------------------  -----  ---------  --------  ----------  --------------  -------------------
/opt/airflow/dags/crypto_prices_coingecko.py                           1           0  0.37s           2025-09-24T06:26:45
/opt/airflow/dags/load_crypto_demo.py                                  1           0  0.32s           2025-09-24T06:26:44
================================================================================
[2025-09-24T06:27:45.110+0000] {manager.py:878} INFO - 
================================================================================
DAG File Processing Stats

File Path                                     PID    Runtime      # DAGs    # Errors  Last Runtime    Last Run
--------------------------------------------  -----  ---------  --------  ----------  --------------  -------------------
/opt/airflow/dags/crypto_prices_coingecko.py                           1           0  0.40s           2025-09-24T06:27:15
/opt/airflow/dags/load_crypto_demo.py                                  1           0  0.35s           2025-09-24T06:27:15
================================================================================
[2025-09-24T06:28:15.267+0000] {manager.py:878} INFO - 
================================================================================
DAG File Processing Stats

File Path                                     PID    Runtime      # DAGs    # Errors  Last Runtime    Last Run
--------------------------------------------  -----  ---------  --------  ----------  --------------  -------------------
/opt/airflow/dags/crypto_prices_coingecko.py                           1           0  0.58s           2025-09-24T06:27:46
/opt/airflow/dags/load_crypto_demo.py                                  1           0  0.49s           2025-09-24T06:27:46
================================================================================
[2025-09-24T06:28:45.665+0000] {manager.py:878} INFO - 
================================================================================
DAG File Processing Stats

File Path                                     PID    Runtime      # DAGs    # Errors  Last Runtime    Last Run
--------------------------------------------  -----  ---------  --------  ----------  --------------  -------------------
/opt/airflow/dags/crypto_prices_coingecko.py                           1           0  1.62s           2025-09-24T06:28:18
/opt/airflow/dags/load_crypto_demo.py                                  1           0  1.53s           2025-09-24T06:28:18
================================================================================
[2025-09-24T06:29:15.768+0000] {manager.py:878} INFO - 
================================================================================
DAG File Processing Stats

File Path                                     PID    Runtime      # DAGs    # Errors  Last Runtime    Last Run
--------------------------------------------  -----  ---------  --------  ----------  --------------  -------------------
/opt/airflow/dags/crypto_prices_coingecko.py                           1           0  0.55s           2025-09-24T06:28:49
/opt/airflow/dags/load_crypto_demo.py                                  1           0  0.53s           2025-09-24T06:28:49
================================================================================
[2025-09-24T06:29:45.818+0000] {manager.py:878} INFO - 
================================================================================
DAG File Processing Stats

File Path                                     PID    Runtime      # DAGs    # Errors  Last Runtime    Last Run
--------------------------------------------  -----  ---------  --------  ----------  --------------  -------------------
/opt/airflow/dags/crypto_prices_coingecko.py                           1           0  0.34s           2025-09-24T06:29:19
/opt/airflow/dags/load_crypto_demo.py                                  1           0  0.31s           2025-09-24T06:29:19
================================================================================
[2025-09-24T06:30:15.999+0000] {manager.py:878} INFO - 
================================================================================
DAG File Processing Stats

File Path                                     PID    Runtime      # DAGs    # Errors  Last Runtime    Last Run
--------------------------------------------  -----  ---------  --------  ----------  --------------  -------------------
/opt/airflow/dags/crypto_prices_coingecko.py                           1           0  0.63s           2025-09-24T06:29:50
/opt/airflow/dags/load_crypto_demo.py                                  1           0  0.57s           2025-09-24T06:29:50
================================================================================
[2025-09-24T06:30:42.743+0000] {manager.py:737} INFO - Searching for files in /opt/airflow/dags
[2025-09-24T06:30:42.852+0000] {manager.py:740} INFO - There are 2 files in /opt/airflow/dags
[2025-09-24T06:30:46.438+0000] {manager.py:878} INFO - 
================================================================================
DAG File Processing Stats

File Path                                     PID    Runtime      # DAGs    # Errors  Last Runtime    Last Run
--------------------------------------------  -----  ---------  --------  ----------  --------------  -------------------
/opt/airflow/dags/crypto_prices_coingecko.py                           1           0  0.42s           2025-09-24T06:30:21
/opt/airflow/dags/load_crypto_demo.py                                  1           0  0.38s           2025-09-24T06:30:21
================================================================================
[2025-09-24T06:31:17.307+0000] {manager.py:878} INFO - 
================================================================================
DAG File Processing Stats

File Path                                     PID    Runtime      # DAGs    # Errors  Last Runtime    Last Run
--------------------------------------------  -----  ---------  --------  ----------  --------------  -------------------
/opt/airflow/dags/crypto_prices_coingecko.py                           1           0  0.31s           2025-09-24T06:30:51
/opt/airflow/dags/load_crypto_demo.py                                  1           0  0.31s           2025-09-24T06:30:51
================================================================================
[2025-09-24T06:31:48.017+0000] {manager.py:878} INFO - 
================================================================================
DAG File Processing Stats

File Path                                     PID    Runtime      # DAGs    # Errors  Last Runtime    Last Run
--------------------------------------------  -----  ---------  --------  ----------  --------------  -------------------
/opt/airflow/dags/crypto_prices_coingecko.py                           1           0  0.30s           2025-09-24T06:31:22
/opt/airflow/dags/load_crypto_demo.py                                  1           0  0.24s           2025-09-24T06:31:22
================================================================================
[2025-09-24T06:32:31.718+0000] {manager.py:470} INFO - Processing files using up to 2 processes at a time 
[2025-09-24T06:32:31.723+0000] {manager.py:471} INFO - Process each file at most once every 30 seconds
[2025-09-24T06:32:31.729+0000] {manager.py:472} INFO - Checking for new files in /opt/airflow/dags every 300 seconds
[2025-09-24T06:32:31.736+0000] {manager.py:737} INFO - Searching for files in /opt/airflow/dags
[2025-09-24T06:32:31.932+0000] {manager.py:740} INFO - There are 2 files in /opt/airflow/dags
[2025-09-24T06:32:32.232+0000] {manager.py:878} INFO - 
================================================================================
DAG File Processing Stats

File Path                                       PID  Runtime      # DAGs    # Errors  Last Runtime    Last Run
--------------------------------------------  -----  ---------  --------  ----------  --------------  ----------
/opt/airflow/dags/crypto_prices_coingecko.py    214  0.14s             0           0
/opt/airflow/dags/load_crypto_demo.py           217  0.07s             0           0
================================================================================
[2025-09-24T06:33:02.773+0000] {manager.py:878} INFO - 
================================================================================
DAG File Processing Stats

File Path                                       PID  Runtime      # DAGs    # Errors  Last Runtime    Last Run
--------------------------------------------  -----  ---------  --------  ----------  --------------  -------------------
/opt/airflow/dags/crypto_prices_coingecko.py    261  0.03s             1           0  0.28s           2025-09-24T06:32:32
/opt/airflow/dags/load_crypto_demo.py           264  0.00s             1           0  0.19s           2025-09-24T06:32:32
================================================================================
[2025-09-24T06:33:33.458+0000] {manager.py:878} INFO - 
================================================================================
DAG File Processing Stats

File Path                                       PID  Runtime      # DAGs    # Errors  Last Runtime    Last Run
--------------------------------------------  -----  ---------  --------  ----------  --------------  -------------------
/opt/airflow/dags/crypto_prices_coingecko.py    295  0.05s             1           0  0.45s           2025-09-24T06:33:03
/opt/airflow/dags/load_crypto_demo.py           298  0.00s             1           0  0.44s           2025-09-24T06:33:03
================================================================================
[2025-09-24T06:34:04.353+0000] {manager.py:878} INFO - 
================================================================================
DAG File Processing Stats

File Path                                       PID  Runtime      # DAGs    # Errors  Last Runtime    Last Run
--------------------------------------------  -----  ---------  --------  ----------  --------------  -------------------
/opt/airflow/dags/crypto_prices_coingecko.py    329  0.05s             1           0  0.37s           2025-09-24T06:33:33
/opt/airflow/dags/load_crypto_demo.py           332  0.01s             1           0  0.31s           2025-09-24T06:33:33
================================================================================
[2025-09-24T06:34:34.955+0000] {manager.py:878} INFO - 
================================================================================
DAG File Processing Stats

File Path                                       PID  Runtime      # DAGs    # Errors  Last Runtime    Last Run
--------------------------------------------  -----  ---------  --------  ----------  --------------  -------------------
/opt/airflow/dags/crypto_prices_coingecko.py    339  0.07s             1           0  0.35s           2025-09-24T06:34:04
/opt/airflow/dags/load_crypto_demo.py           342  0.01s             1           0  0.32s           2025-09-24T06:34:04
================================================================================
[2025-09-24T06:35:05.739+0000] {manager.py:878} INFO - 
================================================================================
DAG File Processing Stats

File Path                                       PID  Runtime      # DAGs    # Errors  Last Runtime    Last Run
--------------------------------------------  -----  ---------  --------  ----------  --------------  -------------------
/opt/airflow/dags/crypto_prices_coingecko.py    349  0.04s             1           0  0.35s           2025-09-24T06:34:35
/opt/airflow/dags/load_crypto_demo.py           352  0.01s             1           0  0.29s           2025-09-24T06:34:35
================================================================================
[2025-09-24T06:35:35.894+0000] {manager.py:878} INFO - 
================================================================================
DAG File Processing Stats

File Path                                     PID    Runtime      # DAGs    # Errors  Last Runtime    Last Run
--------------------------------------------  -----  ---------  --------  ----------  --------------  -------------------
/opt/airflow/dags/crypto_prices_coingecko.py                           1           0  0.73s           2025-09-24T06:35:06
/opt/airflow/dags/load_crypto_demo.py                                  1           0  0.69s           2025-09-24T06:35:06
================================================================================
[2025-09-24T06:36:05.916+0000] {manager.py:878} INFO - 
================================================================================
DAG File Processing Stats

File Path                                     PID    Runtime      # DAGs    # Errors  Last Runtime    Last Run
--------------------------------------------  -----  ---------  --------  ----------  --------------  -------------------
/opt/airflow/dags/crypto_prices_coingecko.py                           1           0  0.45s           2025-09-24T06:35:37
/opt/airflow/dags/load_crypto_demo.py                                  1           0  0.44s           2025-09-24T06:35:37
================================================================================
[2025-09-24T06:36:36.271+0000] {manager.py:878} INFO - 
================================================================================
DAG File Processing Stats

File Path                                     PID    Runtime      # DAGs    # Errors  Last Runtime    Last Run
--------------------------------------------  -----  ---------  --------  ----------  --------------  -------------------
/opt/airflow/dags/crypto_prices_coingecko.py                           1           0  0.77s           2025-09-24T06:36:08
/opt/airflow/dags/load_crypto_demo.py                                  1           0  0.75s           2025-09-24T06:36:08
================================================================================
[2025-09-24T06:37:06.447+0000] {manager.py:878} INFO - 
================================================================================
DAG File Processing Stats

File Path                                     PID    Runtime      # DAGs    # Errors  Last Runtime    Last Run
--------------------------------------------  -----  ---------  --------  ----------  --------------  -------------------
/opt/airflow/dags/load_crypto_demo.py                                  1           0  0.63s           2025-09-24T06:36:40
/opt/airflow/dags/crypto_prices_coingecko.py                           1           0  0.60s           2025-09-24T06:36:39
================================================================================
[2025-09-24T06:37:32.241+0000] {manager.py:737} INFO - Searching for files in /opt/airflow/dags
[2025-09-24T06:37:32.371+0000] {manager.py:740} INFO - There are 2 files in /opt/airflow/dags
[2025-09-24T06:37:36.448+0000] {manager.py:878} INFO - 
================================================================================
DAG File Processing Stats

File Path                                     PID    Runtime      # DAGs    # Errors  Last Runtime    Last Run
--------------------------------------------  -----  ---------  --------  ----------  --------------  -------------------
/opt/airflow/dags/crypto_prices_coingecko.py                           1           0  0.35s           2025-09-24T06:37:10
/opt/airflow/dags/load_crypto_demo.py                                  1           0  0.31s           2025-09-24T06:37:10
================================================================================
[2025-09-24T06:38:06.595+0000] {manager.py:878} INFO - 
================================================================================
DAG File Processing Stats

File Path                                     PID    Runtime      # DAGs    # Errors  Last Runtime    Last Run
--------------------------------------------  -----  ---------  --------  ----------  --------------  -------------------
/opt/airflow/dags/crypto_prices_coingecko.py                           1           0  0.53s           2025-09-24T06:37:42
/opt/airflow/dags/load_crypto_demo.py                                  1           0  0.48s           2025-09-24T06:37:42
================================================================================
[2025-09-24T06:38:49.014+0000] {manager.py:470} INFO - Processing files using up to 2 processes at a time 
[2025-09-24T06:38:49.017+0000] {manager.py:471} INFO - Process each file at most once every 30 seconds
[2025-09-24T06:38:49.021+0000] {manager.py:472} INFO - Checking for new files in /opt/airflow/dags every 300 seconds
[2025-09-24T06:38:49.024+0000] {manager.py:737} INFO - Searching for files in /opt/airflow/dags
[2025-09-24T06:38:49.174+0000] {manager.py:740} INFO - There are 2 files in /opt/airflow/dags
[2025-09-24T06:38:49.488+0000] {manager.py:878} INFO - 
================================================================================
DAG File Processing Stats

File Path                                       PID  Runtime      # DAGs    # Errors  Last Runtime    Last Run
--------------------------------------------  -----  ---------  --------  ----------  --------------  ----------
/opt/airflow/dags/crypto_prices_coingecko.py    214  0.13s             0           0
/opt/airflow/dags/load_crypto_demo.py           217  0.08s             0           0
================================================================================
[2025-09-24T06:39:20.105+0000] {manager.py:878} INFO - 
================================================================================
DAG File Processing Stats

File Path                                       PID  Runtime      # DAGs    # Errors  Last Runtime    Last Run
--------------------------------------------  -----  ---------  --------  ----------  --------------  -------------------
/opt/airflow/dags/crypto_prices_coingecko.py    240  0.02s             1           0  0.28s           2025-09-24T06:38:49
/opt/airflow/dags/load_crypto_demo.py           243  0.01s             1           0  0.26s           2025-09-24T06:38:49
================================================================================
[2025-09-24T06:39:50.195+0000] {manager.py:878} INFO - 
================================================================================
DAG File Processing Stats

File Path                                     PID    Runtime      # DAGs    # Errors  Last Runtime    Last Run
--------------------------------------------  -----  ---------  --------  ----------  --------------  -------------------
/opt/airflow/dags/crypto_prices_coingecko.py                           1           0  0.67s           2025-09-24T06:39:20
/opt/airflow/dags/load_crypto_demo.py                                  1           0  0.61s           2025-09-24T06:39:20
================================================================================
[2025-09-24T06:40:20.274+0000] {manager.py:878} INFO - 
================================================================================
DAG File Processing Stats

File Path                                     PID    Runtime      # DAGs    # Errors  Last Runtime    Last Run
--------------------------------------------  -----  ---------  --------  ----------  --------------  -------------------
/opt/airflow/dags/crypto_prices_coingecko.py                           1           0  0.34s           2025-09-24T06:39:51
/opt/airflow/dags/load_crypto_demo.py                                  1           0  0.33s           2025-09-24T06:39:51
================================================================================
[2025-09-24T06:40:50.911+0000] {manager.py:878} INFO - 
================================================================================
DAG File Processing Stats

File Path                                     PID    Runtime      # DAGs    # Errors  Last Runtime    Last Run
--------------------------------------------  -----  ---------  --------  ----------  --------------  -------------------
/opt/airflow/dags/crypto_prices_coingecko.py                           1           0  0.30s           2025-09-24T06:40:22
/opt/airflow/dags/load_crypto_demo.py                                  1           0  0.25s           2025-09-24T06:40:22
================================================================================
[2025-09-24T06:41:21.514+0000] {manager.py:878} INFO - 
================================================================================
DAG File Processing Stats

File Path                                     PID    Runtime      # DAGs    # Errors  Last Runtime    Last Run
--------------------------------------------  -----  ---------  --------  ----------  --------------  -------------------
/opt/airflow/dags/crypto_prices_coingecko.py                           1           0  0.32s           2025-09-24T06:40:53
/opt/airflow/dags/load_crypto_demo.py                                  1           0  0.27s           2025-09-24T06:40:53
================================================================================
[2025-09-24T06:41:51.540+0000] {manager.py:878} INFO - 
================================================================================
DAG File Processing Stats

File Path                                     PID    Runtime      # DAGs    # Errors  Last Runtime    Last Run
--------------------------------------------  -----  ---------  --------  ----------  --------------  -------------------
/opt/airflow/dags/crypto_prices_coingecko.py                           1           0  0.42s           2025-09-24T06:41:24
/opt/airflow/dags/load_crypto_demo.py                                  1           0  0.41s           2025-09-24T06:41:24
================================================================================
[2025-09-24T06:42:22.169+0000] {manager.py:878} INFO - 
================================================================================
DAG File Processing Stats

File Path                                     PID    Runtime      # DAGs    # Errors  Last Runtime    Last Run
--------------------------------------------  -----  ---------  --------  ----------  --------------  -------------------
/opt/airflow/dags/crypto_prices_coingecko.py                           1           0  0.33s           2025-09-24T06:41:54
/opt/airflow/dags/load_crypto_demo.py                                  1           0  0.31s           2025-09-24T06:41:54
================================================================================
[2025-09-24T06:42:52.506+0000] {manager.py:878} INFO - 
================================================================================
DAG File Processing Stats

File Path                                     PID    Runtime      # DAGs    # Errors  Last Runtime    Last Run
--------------------------------------------  -----  ---------  --------  ----------  --------------  -------------------
/opt/airflow/dags/crypto_prices_coingecko.py                           1           0  0.67s           2025-09-24T06:42:25
/opt/airflow/dags/load_crypto_demo.py                                  1           0  0.64s           2025-09-24T06:42:25
================================================================================
[2025-09-24T06:43:22.645+0000] {manager.py:878} INFO - 
================================================================================
DAG File Processing Stats

File Path                                     PID    Runtime      # DAGs    # Errors  Last Runtime    Last Run
--------------------------------------------  -----  ---------  --------  ----------  --------------  -------------------
/opt/airflow/dags/crypto_prices_coingecko.py                           1           0  0.58s           2025-09-24T06:42:57
/opt/airflow/dags/load_crypto_demo.py                                  1           0  0.56s           2025-09-24T06:42:57
================================================================================
[2025-09-24T06:43:49.355+0000] {manager.py:737} INFO - Searching for files in /opt/airflow/dags
[2025-09-24T06:43:49.527+0000] {manager.py:740} INFO - There are 2 files in /opt/airflow/dags
[2025-09-24T06:43:53.103+0000] {manager.py:878} INFO - 
================================================================================
DAG File Processing Stats

File Path                                     PID    Runtime      # DAGs    # Errors  Last Runtime    Last Run
--------------------------------------------  -----  ---------  --------  ----------  --------------  -------------------
/opt/airflow/dags/crypto_prices_coingecko.py                           1           0  0.37s           2025-09-24T06:43:27
/opt/airflow/dags/load_crypto_demo.py                                  1           0  0.31s           2025-09-24T06:43:27
================================================================================
[2025-09-24T06:44:23.112+0000] {manager.py:878} INFO - 
================================================================================
DAG File Processing Stats

File Path                                     PID    Runtime      # DAGs    # Errors  Last Runtime    Last Run
--------------------------------------------  -----  ---------  --------  ----------  --------------  -------------------
/opt/airflow/dags/crypto_prices_coingecko.py                           1           0  0.42s           2025-09-24T06:43:58
/opt/airflow/dags/load_crypto_demo.py                                  1           0  0.40s           2025-09-24T06:43:58
================================================================================
[2025-09-24T06:44:53.764+0000] {manager.py:878} INFO - 
================================================================================
DAG File Processing Stats

File Path                                     PID    Runtime      # DAGs    # Errors  Last Runtime    Last Run
--------------------------------------------  -----  ---------  --------  ----------  --------------  -------------------
/opt/airflow/dags/crypto_prices_coingecko.py                           1           0  0.59s           2025-09-24T06:44:29
/opt/airflow/dags/load_crypto_demo.py                                  1           0  0.52s           2025-09-24T06:44:29
================================================================================
[2025-09-24T06:45:24.438+0000] {manager.py:878} INFO - 
================================================================================
DAG File Processing Stats

File Path                                     PID    Runtime      # DAGs    # Errors  Last Runtime    Last Run
--------------------------------------------  -----  ---------  --------  ----------  --------------  -------------------
/opt/airflow/dags/crypto_prices_coingecko.py                           1           0  0.19s           2025-09-24T06:45:00
/opt/airflow/dags/load_crypto_demo.py                                  1           0  0.14s           2025-09-24T06:45:00
================================================================================
[2025-09-24T06:45:54.550+0000] {manager.py:878} INFO - 
================================================================================
DAG File Processing Stats

File Path                                     PID    Runtime      # DAGs    # Errors  Last Runtime    Last Run
--------------------------------------------  -----  ---------  --------  ----------  --------------  -------------------
/opt/airflow/dags/crypto_prices_coingecko.py                           1           0  0.53s           2025-09-24T06:45:31
/opt/airflow/dags/load_crypto_demo.py                                  1           0  0.49s           2025-09-24T06:45:31
================================================================================
[2025-09-24T06:46:25.155+0000] {manager.py:878} INFO - 
================================================================================
DAG File Processing Stats

File Path                                     PID    Runtime      # DAGs    # Errors  Last Runtime    Last Run
--------------------------------------------  -----  ---------  --------  ----------  --------------  -------------------
/opt/airflow/dags/crypto_prices_coingecko.py                           1           0  0.48s           2025-09-24T06:46:01
/opt/airflow/dags/load_crypto_demo.py                                  1           0  0.33s           2025-09-24T06:46:02
================================================================================
[2025-09-24T06:46:56.010+0000] {manager.py:878} INFO - 
================================================================================
DAG File Processing Stats

File Path                                     PID    Runtime      # DAGs    # Errors  Last Runtime    Last Run
--------------------------------------------  -----  ---------  --------  ----------  --------------  -------------------
/opt/airflow/dags/crypto_prices_coingecko.py                           1           0  0.31s           2025-09-24T06:46:32
/opt/airflow/dags/load_crypto_demo.py                                  1           0  0.29s           2025-09-24T06:46:32
================================================================================
[2025-09-24T06:47:26.650+0000] {manager.py:878} INFO - 
================================================================================
DAG File Processing Stats

File Path                                     PID    Runtime      # DAGs    # Errors  Last Runtime    Last Run
--------------------------------------------  -----  ---------  --------  ----------  --------------  -------------------
/opt/airflow/dags/crypto_prices_coingecko.py                           1           0  0.32s           2025-09-24T06:47:03
/opt/airflow/dags/load_crypto_demo.py                                  1           0  0.28s           2025-09-24T06:47:03
================================================================================
[2025-09-24T06:47:56.805+0000] {manager.py:878} INFO - 
================================================================================
DAG File Processing Stats

File Path                                     PID    Runtime      # DAGs    # Errors  Last Runtime    Last Run
--------------------------------------------  -----  ---------  --------  ----------  --------------  -------------------
/opt/airflow/dags/crypto_prices_coingecko.py                           1           0  0.48s           2025-09-24T06:47:34
/opt/airflow/dags/load_crypto_demo.py                                  1           0  0.45s           2025-09-24T06:47:34
================================================================================
[2025-09-24T06:48:27.408+0000] {manager.py:878} INFO - 
================================================================================
DAG File Processing Stats

File Path                                     PID    Runtime      # DAGs    # Errors  Last Runtime    Last Run
--------------------------------------------  -----  ---------  --------  ----------  --------------  -------------------
/opt/airflow/dags/crypto_prices_coingecko.py                           1           0  0.34s           2025-09-24T06:48:04
/opt/airflow/dags/load_crypto_demo.py                                  1           0  0.33s           2025-09-24T06:48:05
================================================================================
[2025-09-24T06:48:49.930+0000] {manager.py:737} INFO - Searching for files in /opt/airflow/dags
[2025-09-24T06:48:50.172+0000] {manager.py:740} INFO - There are 2 files in /opt/airflow/dags
[2025-09-24T06:48:57.456+0000] {manager.py:878} INFO - 
================================================================================
DAG File Processing Stats

File Path                                     PID    Runtime      # DAGs    # Errors  Last Runtime    Last Run
--------------------------------------------  -----  ---------  --------  ----------  --------------  -------------------
/opt/airflow/dags/crypto_prices_coingecko.py                           1           0  0.36s           2025-09-24T06:48:35
/opt/airflow/dags/load_crypto_demo.py                                  1           0  0.34s           2025-09-24T06:48:35
================================================================================
[2025-09-24T06:49:28.012+0000] {manager.py:878} INFO - 
================================================================================
DAG File Processing Stats

File Path                                     PID    Runtime      # DAGs    # Errors  Last Runtime    Last Run
--------------------------------------------  -----  ---------  --------  ----------  --------------  -------------------
/opt/airflow/dags/crypto_prices_coingecko.py                           1           0  0.24s           2025-09-24T06:49:06
/opt/airflow/dags/load_crypto_demo.py                                  1           0  0.21s           2025-09-24T06:49:06
================================================================================
[2025-09-24T06:49:58.795+0000] {manager.py:878} INFO - 
================================================================================
DAG File Processing Stats

File Path                                     PID    Runtime      # DAGs    # Errors  Last Runtime    Last Run
--------------------------------------------  -----  ---------  --------  ----------  --------------  -------------------
/opt/airflow/dags/crypto_prices_coingecko.py                           1           0  0.41s           2025-09-24T06:49:37
/opt/airflow/dags/load_crypto_demo.py                                  1           0  0.33s           2025-09-24T06:49:37
================================================================================
[2025-09-24T06:50:29.011+0000] {manager.py:878} INFO - 
================================================================================
DAG File Processing Stats

File Path                                     PID    Runtime      # DAGs    # Errors  Last Runtime    Last Run
--------------------------------------------  -----  ---------  --------  ----------  --------------  -------------------
/opt/airflow/dags/crypto_prices_coingecko.py                           1           0  0.52s           2025-09-24T06:50:08
/opt/airflow/dags/load_crypto_demo.py                                  1           0  0.43s           2025-09-24T06:50:08
================================================================================
[2025-09-24T06:50:55.148+0000] {manager.py:470} INFO - Processing files using up to 2 processes at a time 
[2025-09-24T06:50:55.150+0000] {manager.py:471} INFO - Process each file at most once every 30 seconds
[2025-09-24T06:50:55.155+0000] {manager.py:472} INFO - Checking for new files in /opt/airflow/dags every 300 seconds
[2025-09-24T06:50:55.159+0000] {manager.py:737} INFO - Searching for files in /opt/airflow/dags
[2025-09-24T06:50:55.437+0000] {manager.py:740} INFO - There are 2 files in /opt/airflow/dags
[2025-09-24T06:50:55.666+0000] {manager.py:878} INFO - 
================================================================================
DAG File Processing Stats

File Path                                       PID  Runtime      # DAGs    # Errors  Last Runtime    Last Run
--------------------------------------------  -----  ---------  --------  ----------  --------------  ----------
/opt/airflow/dags/crypto_prices_coingecko.py    223  0.14s             0           0
/opt/airflow/dags/load_crypto_demo.py           226  0.06s             0           0
================================================================================
[2025-09-24T06:51:26.267+0000] {manager.py:878} INFO - 
================================================================================
DAG File Processing Stats

File Path                                       PID  Runtime      # DAGs    # Errors  Last Runtime    Last Run
--------------------------------------------  -----  ---------  --------  ----------  --------------  -------------------
/opt/airflow/dags/crypto_prices_coingecko.py    299  0.03s             1           0  0.32s           2025-09-24T06:50:55
/opt/airflow/dags/load_crypto_demo.py           302  0.00s             1           0  0.24s           2025-09-24T06:50:55
================================================================================
[2025-09-24T06:51:56.316+0000] {manager.py:878} INFO - 
================================================================================
DAG File Processing Stats

File Path                                     PID    Runtime      # DAGs    # Errors  Last Runtime    Last Run
--------------------------------------------  -----  ---------  --------  ----------  --------------  -------------------
/opt/airflow/dags/crypto_prices_coingecko.py                           1           0  0.48s           2025-09-24T06:51:26
/opt/airflow/dags/load_crypto_demo.py                                  1           0  0.43s           2025-09-24T06:51:26
================================================================================
[2025-09-24T06:52:26.551+0000] {manager.py:878} INFO - 
================================================================================
DAG File Processing Stats

File Path                                     PID    Runtime      # DAGs    # Errors  Last Runtime    Last Run
--------------------------------------------  -----  ---------  --------  ----------  --------------  -------------------
/opt/airflow/dags/crypto_prices_coingecko.py                           1           0  0.33s           2025-09-24T06:51:57
/opt/airflow/dags/load_crypto_demo.py                                  1           0  0.29s           2025-09-24T06:51:57
================================================================================
[2025-09-24T06:52:57.469+0000] {manager.py:878} INFO - 
================================================================================
DAG File Processing Stats

File Path                                     PID    Runtime      # DAGs    # Errors  Last Runtime    Last Run
--------------------------------------------  -----  ---------  --------  ----------  --------------  -------------------
/opt/airflow/dags/crypto_prices_coingecko.py                           1           0  0.37s           2025-09-24T06:52:27
/opt/airflow/dags/load_crypto_demo.py                                  1           0  0.33s           2025-09-24T06:52:27
================================================================================
[2025-09-24T06:53:27.529+0000] {manager.py:878} INFO - 
================================================================================
DAG File Processing Stats

File Path                                     PID    Runtime      # DAGs    # Errors  Last Runtime    Last Run
--------------------------------------------  -----  ---------  --------  ----------  --------------  -------------------
/opt/airflow/dags/crypto_prices_coingecko.py                           1           0  0.50s           2025-09-24T06:52:59
/opt/airflow/dags/load_crypto_demo.py                                  1           0  0.43s           2025-09-24T06:52:59
================================================================================
[2025-09-24T06:53:58.059+0000] {manager.py:878} INFO - 
================================================================================
DAG File Processing Stats

File Path                                     PID    Runtime      # DAGs    # Errors  Last Runtime    Last Run
--------------------------------------------  -----  ---------  --------  ----------  --------------  -------------------
/opt/airflow/dags/crypto_prices_coingecko.py                           1           0  0.84s           2025-09-24T06:53:30
/opt/airflow/dags/load_crypto_demo.py                                  1           0  0.79s           2025-09-24T06:53:30
================================================================================
[2025-09-24T06:55:55.414+0000] {manager.py:737} INFO - Searching for files in /opt/airflow/dags
[2025-09-24T06:55:55.623+0000] {manager.py:740} INFO - There are 2 files in /opt/airflow/dags
[2025-09-24T06:55:59.767+0000] {manager.py:878} INFO - 
================================================================================
DAG File Processing Stats

File Path                                     PID    Runtime      # DAGs    # Errors  Last Runtime    Last Run
--------------------------------------------  -----  ---------  --------  ----------  --------------  -------------------
/opt/airflow/dags/crypto_prices_coingecko.py                           1           0  0.79s           2025-09-24T06:55:36
/opt/airflow/dags/load_crypto_demo.py                                  1           0  0.76s           2025-09-24T06:55:36
================================================================================
[2025-09-24T06:56:30.498+0000] {manager.py:878} INFO - 
================================================================================
DAG File Processing Stats

File Path                                     PID    Runtime      # DAGs    # Errors  Last Runtime    Last Run
--------------------------------------------  -----  ---------  --------  ----------  --------------  -------------------
/opt/airflow/dags/crypto_prices_coingecko.py                           1           0  2.22s           2025-09-24T06:56:09
/opt/airflow/dags/load_crypto_demo.py                                  1           0  2.18s           2025-09-24T06:56:09
================================================================================
[2025-09-24T06:57:00.587+0000] {manager.py:878} INFO - 
================================================================================
DAG File Processing Stats

File Path                                     PID    Runtime      # DAGs    # Errors  Last Runtime    Last Run
--------------------------------------------  -----  ---------  --------  ----------  --------------  -------------------
/opt/airflow/dags/crypto_prices_coingecko.py                           1           0  2.60s           2025-09-24T06:56:42
/opt/airflow/dags/load_crypto_demo.py                                  1           0  2.54s           2025-09-24T06:56:42
================================================================================
[2025-09-24T06:57:30.676+0000] {manager.py:878} INFO - 
================================================================================
DAG File Processing Stats

File Path                                     PID    Runtime      # DAGs    # Errors  Last Runtime    Last Run
--------------------------------------------  -----  ---------  --------  ----------  --------------  -------------------
/opt/airflow/dags/load_crypto_demo.py                                  1           0  0.52s           2025-09-24T06:57:13
/opt/airflow/dags/crypto_prices_coingecko.py                           1           0  0.51s           2025-09-24T06:57:13
================================================================================
[2025-09-24T06:57:46.427+0000] {manager.py:470} INFO - Processing files using up to 2 processes at a time 
[2025-09-24T06:57:46.430+0000] {manager.py:471} INFO - Process each file at most once every 30 seconds
[2025-09-24T06:57:46.433+0000] {manager.py:472} INFO - Checking for new files in /opt/airflow/dags every 300 seconds
[2025-09-24T06:57:46.436+0000] {manager.py:737} INFO - Searching for files in /opt/airflow/dags
[2025-09-24T06:57:46.558+0000] {manager.py:740} INFO - There are 2 files in /opt/airflow/dags
[2025-09-24T06:57:46.782+0000] {manager.py:878} INFO - 
================================================================================
DAG File Processing Stats

File Path                                       PID  Runtime      # DAGs    # Errors  Last Runtime    Last Run
--------------------------------------------  -----  ---------  --------  ----------  --------------  ----------
/opt/airflow/dags/crypto_prices_coingecko.py    214  0.09s             0           0
/opt/airflow/dags/load_crypto_demo.py           217  0.05s             0           0
================================================================================
[2025-09-24T06:58:17.453+0000] {manager.py:878} INFO - 
================================================================================
DAG File Processing Stats

File Path                                       PID  Runtime      # DAGs    # Errors  Last Runtime    Last Run
--------------------------------------------  -----  ---------  --------  ----------  --------------  -------------------
/opt/airflow/dags/crypto_prices_coingecko.py    275  0.06s             1           0  0.29s           2025-09-24T06:57:46
/opt/airflow/dags/load_crypto_demo.py           278  0.01s             1           0  0.23s           2025-09-24T06:57:46
================================================================================
[2025-09-24T06:58:47.785+0000] {manager.py:878} INFO - 
================================================================================
DAG File Processing Stats

File Path                                     PID    Runtime      # DAGs    # Errors  Last Runtime    Last Run
--------------------------------------------  -----  ---------  --------  ----------  --------------  -------------------
/opt/airflow/dags/crypto_prices_coingecko.py                           1           0  0.89s           2025-09-24T06:58:18
/opt/airflow/dags/load_crypto_demo.py                                  1           0  0.79s           2025-09-24T06:58:18
================================================================================
[2025-09-24T06:59:18.475+0000] {manager.py:878} INFO - 
================================================================================
DAG File Processing Stats

File Path                                     PID    Runtime      # DAGs    # Errors  Last Runtime    Last Run
--------------------------------------------  -----  ---------  --------  ----------  --------------  -------------------
/opt/airflow/dags/crypto_prices_coingecko.py                           1           0  0.34s           2025-09-24T06:58:49
/opt/airflow/dags/load_crypto_demo.py                                  1           0  0.31s           2025-09-24T06:58:49
================================================================================
[2025-09-24T06:59:48.548+0000] {manager.py:878} INFO - 
================================================================================
DAG File Processing Stats

File Path                                     PID    Runtime      # DAGs    # Errors  Last Runtime    Last Run
--------------------------------------------  -----  ---------  --------  ----------  --------------  -------------------
/opt/airflow/dags/crypto_prices_coingecko.py                           1           0  0.46s           2025-09-24T06:59:20
/opt/airflow/dags/load_crypto_demo.py                                  1           0  0.43s           2025-09-24T06:59:20
================================================================================
[2025-09-24T07:00:19.114+0000] {manager.py:878} INFO - 
================================================================================
DAG File Processing Stats

File Path                                     PID    Runtime      # DAGs    # Errors  Last Runtime    Last Run
--------------------------------------------  -----  ---------  --------  ----------  --------------  -------------------
/opt/airflow/dags/crypto_prices_coingecko.py                           1           0  0.55s           2025-09-24T06:59:50
/opt/airflow/dags/load_crypto_demo.py                                  1           0  0.46s           2025-09-24T06:59:50
================================================================================
[2025-09-24T07:00:49.378+0000] {manager.py:878} INFO - 
================================================================================
DAG File Processing Stats

File Path                                     PID    Runtime      # DAGs    # Errors  Last Runtime    Last Run
--------------------------------------------  -----  ---------  --------  ----------  --------------  -------------------
/opt/airflow/dags/crypto_prices_coingecko.py                           1           0  2.69s           2025-09-24T07:00:23
/opt/airflow/dags/load_crypto_demo.py                                  1           0  2.60s           2025-09-24T07:00:23
================================================================================
[2025-09-24T07:01:19.938+0000] {manager.py:878} INFO - 
================================================================================
DAG File Processing Stats

File Path                                     PID    Runtime      # DAGs    # Errors  Last Runtime    Last Run
--------------------------------------------  -----  ---------  --------  ----------  --------------  -------------------
/opt/airflow/dags/crypto_prices_coingecko.py                           1           0  0.91s           2025-09-24T07:00:54
/opt/airflow/dags/load_crypto_demo.py                                  1           0  0.86s           2025-09-24T07:00:54
================================================================================
[2025-09-24T07:01:50.350+0000] {manager.py:878} INFO - 
================================================================================
DAG File Processing Stats

File Path                                     PID    Runtime      # DAGs    # Errors  Last Runtime    Last Run
--------------------------------------------  -----  ---------  --------  ----------  --------------  -------------------
/opt/airflow/dags/crypto_prices_coingecko.py                           1           0  0.78s           2025-09-24T07:01:25
/opt/airflow/dags/load_crypto_demo.py                                  1           0  0.70s           2025-09-24T07:01:25
================================================================================
[2025-09-24T07:02:20.536+0000] {manager.py:878} INFO - 
================================================================================
DAG File Processing Stats

File Path                                     PID    Runtime      # DAGs    # Errors  Last Runtime    Last Run
--------------------------------------------  -----  ---------  --------  ----------  --------------  -------------------
/opt/airflow/dags/crypto_prices_coingecko.py                           1           0  0.39s           2025-09-24T07:01:56
/opt/airflow/dags/load_crypto_demo.py                                  1           0  0.38s           2025-09-24T07:01:56
================================================================================
[2025-09-24T07:02:46.676+0000] {manager.py:737} INFO - Searching for files in /opt/airflow/dags
[2025-09-24T07:02:46.930+0000] {manager.py:740} INFO - There are 2 files in /opt/airflow/dags
[2025-09-24T07:02:51.075+0000] {manager.py:878} INFO - 
================================================================================
DAG File Processing Stats

File Path                                     PID    Runtime      # DAGs    # Errors  Last Runtime    Last Run
--------------------------------------------  -----  ---------  --------  ----------  --------------  -------------------
/opt/airflow/dags/crypto_prices_coingecko.py                           1           0  0.29s           2025-09-24T07:02:27
/opt/airflow/dags/load_crypto_demo.py                                  1           0  0.26s           2025-09-24T07:02:27
================================================================================
[2025-09-24T07:03:21.085+0000] {manager.py:878} INFO - 
================================================================================
DAG File Processing Stats

File Path                                     PID    Runtime      # DAGs    # Errors  Last Runtime    Last Run
--------------------------------------------  -----  ---------  --------  ----------  --------------  -------------------
/opt/airflow/dags/crypto_prices_coingecko.py                           1           0  0.25s           2025-09-24T07:02:57
/opt/airflow/dags/load_crypto_demo.py                                  1           0  0.21s           2025-09-24T07:02:57
================================================================================
[2025-09-24T07:03:38.586+0000] {manager.py:470} INFO - Processing files using up to 2 processes at a time 
[2025-09-24T07:03:38.590+0000] {manager.py:471} INFO - Process each file at most once every 30 seconds
[2025-09-24T07:03:38.596+0000] {manager.py:472} INFO - Checking for new files in /opt/airflow/dags every 300 seconds
[2025-09-24T07:03:38.605+0000] {manager.py:737} INFO - Searching for files in /opt/airflow/dags
[2025-09-24T07:03:38.811+0000] {manager.py:740} INFO - There are 2 files in /opt/airflow/dags
[2025-09-24T07:03:39.021+0000] {manager.py:878} INFO - 
================================================================================
DAG File Processing Stats

File Path                                       PID  Runtime      # DAGs    # Errors  Last Runtime    Last Run
--------------------------------------------  -----  ---------  --------  ----------  --------------  ----------
/opt/airflow/dags/crypto_prices_coingecko.py    223  0.11s             0           0
/opt/airflow/dags/load_crypto_demo.py           226  0.05s             0           0
================================================================================
[2025-09-24T07:04:09.647+0000] {manager.py:878} INFO - 
================================================================================
DAG File Processing Stats

File Path                                       PID  Runtime      # DAGs    # Errors  Last Runtime    Last Run
--------------------------------------------  -----  ---------  --------  ----------  --------------  -------------------
/opt/airflow/dags/crypto_prices_coingecko.py    299  0.06s             1           0  0.34s           2025-09-24T07:03:39
/opt/airflow/dags/load_crypto_demo.py           302  0.00s             1           0  0.29s           2025-09-24T07:03:39
================================================================================
[2025-09-24T07:04:40.272+0000] {manager.py:878} INFO - 
================================================================================
DAG File Processing Stats

File Path                                       PID  Runtime      # DAGs    # Errors  Last Runtime    Last Run
--------------------------------------------  -----  ---------  --------  ----------  --------------  -------------------
/opt/airflow/dags/crypto_prices_coingecko.py    309  0.04s             1           0  0.39s           2025-09-24T07:04:09
/opt/airflow/dags/load_crypto_demo.py           312  0.01s             1           0  0.35s           2025-09-24T07:04:09
================================================================================
